2023-10-31 07:13:20,707 40 Internal Server Error: / F:\PycharmProjects\NewsPaper_Django_Project_d5\venv\lib\site-packages\django\utils\log.py (<class 'django.template.exceptions.TemplateSyntaxError'>, TemplateSyntaxError("Unclosed tag on line 25: 'block'. Looking for one of: endblock."), <traceback object at 0x0000002885E8B9C0>)
Traceback (most recent call last):
  File "F:\PycharmProjects\NewsPaper_Django_Project_d5\venv\lib\site-packages\django\core\handlers\exception.py", line 55, in inner
    response = get_response(request)
  File "F:\PycharmProjects\NewsPaper_Django_Project_d5\venv\lib\site-packages\django\core\handlers\base.py", line 197, in _get_response
    response = wrapped_callback(request, *callback_args, **callback_kwargs)
  File "F:\PycharmProjects\NewsPaper_Django_Project_d5\NewsPaper\news\views.py", line 275, in HomePageView
    return render(request, 'news/home.html', context)
  File "F:\PycharmProjects\NewsPaper_Django_Project_d5\venv\lib\site-packages\django\shortcuts.py", line 24, in render
    content = loader.render_to_string(template_name, context, request, using=using)
  File "F:\PycharmProjects\NewsPaper_Django_Project_d5\venv\lib\site-packages\django\template\loader.py", line 62, in render_to_string
    return template.render(context, request)
  File "F:\PycharmProjects\NewsPaper_Django_Project_d5\venv\lib\site-packages\django\template\backends\django.py", line 61, in render
    return self.template.render(context)
  File "F:\PycharmProjects\NewsPaper_Django_Project_d5\venv\lib\site-packages\django\template\base.py", line 175, in render
    return self._render(context)
  File "F:\PycharmProjects\NewsPaper_Django_Project_d5\venv\lib\site-packages\django\template\base.py", line 167, in _render
    return self.nodelist.render(context)
  File "F:\PycharmProjects\NewsPaper_Django_Project_d5\venv\lib\site-packages\django\template\base.py", line 1005, in render
    return SafeString("".join([node.render_annotated(context) for node in self]))
  File "F:\PycharmProjects\NewsPaper_Django_Project_d5\venv\lib\site-packages\django\template\base.py", line 1005, in <listcomp>
    return SafeString("".join([node.render_annotated(context) for node in self]))
  File "F:\PycharmProjects\NewsPaper_Django_Project_d5\venv\lib\site-packages\django\template\base.py", line 966, in render_annotated
    return self.render(context)
  File "F:\PycharmProjects\NewsPaper_Django_Project_d5\venv\lib\site-packages\django\template\loader_tags.py", line 132, in render
    compiled_parent = self.get_parent(context)
  File "F:\PycharmProjects\NewsPaper_Django_Project_d5\venv\lib\site-packages\django\template\loader_tags.py", line 129, in get_parent
    return self.find_template(parent, context)
  File "F:\PycharmProjects\NewsPaper_Django_Project_d5\venv\lib\site-packages\django\template\loader_tags.py", line 107, in find_template
    template, origin = context.template.engine.find_template(
  File "F:\PycharmProjects\NewsPaper_Django_Project_d5\venv\lib\site-packages\django\template\engine.py", line 157, in find_template
    template = loader.get_template(name, skip=skip)
  File "F:\PycharmProjects\NewsPaper_Django_Project_d5\venv\lib\site-packages\django\template\loaders\cached.py", line 57, in get_template
    template = super().get_template(template_name, skip)
  File "F:\PycharmProjects\NewsPaper_Django_Project_d5\venv\lib\site-packages\django\template\loaders\base.py", line 28, in get_template
    return Template(
  File "F:\PycharmProjects\NewsPaper_Django_Project_d5\venv\lib\site-packages\django\template\base.py", line 154, in __init__
    self.nodelist = self.compile_nodelist()
  File "F:\PycharmProjects\NewsPaper_Django_Project_d5\venv\lib\site-packages\django\template\base.py", line 200, in compile_nodelist
    return parser.parse()
  File "F:\PycharmProjects\NewsPaper_Django_Project_d5\venv\lib\site-packages\django\template\base.py", line 513, in parse
    raise self.error(token, e)
  File "F:\PycharmProjects\NewsPaper_Django_Project_d5\venv\lib\site-packages\django\template\base.py", line 511, in parse
    compiled_result = compile_func(self, token)
  File "F:\PycharmProjects\NewsPaper_Django_Project_d5\venv\lib\site-packages\django\template\loader_tags.py", line 232, in do_block
    nodelist = parser.parse(("endblock",))
  File "F:\PycharmProjects\NewsPaper_Django_Project_d5\venv\lib\site-packages\django\template\base.py", line 518, in parse
    self.unclosed_block_tag(parse_until)
  File "F:\PycharmProjects\NewsPaper_Django_Project_d5\venv\lib\site-packages\django\template\base.py", line 581, in unclosed_block_tag
    raise self.error(token, msg)
django.template.exceptions.TemplateSyntaxError: Unclosed tag on line 25: 'block'. Looking for one of: endblock.
2023-10-31 07:13:31,377 40 "GET / HTTP/1.1" 500 145 F:\PycharmProjects\NewsPaper_Django_Project_d5\venv\lib\site-packages\django\core\servers\basehttp.py None
